...found 10 targets...
...found 2 targets...
...updating 1 target...
compile-c-c++ libs\config\checks\architecture\bin\msvc-14.0\debug\threading-multi\arm.obj
arm.cpp
libs\config\checks\architecture\arm.cpp(12): fatal error C1189: #error:  "Not ARM"

    call "C:\Users\STEPHA~1\AppData\Local\Temp\b2_msvc_14.0_vcvarsall_x86.cmd" >nul
cl /Zm800 -nologo @"libs\config\checks\architecture\bin\msvc-14.0\debug\threading-multi\arm.obj.rsp" 

...failed compile-c-c++ libs\config\checks\architecture\bin\msvc-14.0\debug\threading-multi\arm.obj...
...failed updating 1 target...
...found 2 targets...
...updating 1 target...
compile-c-c++ libs\config\checks\architecture\bin\msvc-14.0\debug\threading-multi\mips1.obj
mips1.cpp
libs\config\checks\architecture\mips1.cpp(10): fatal error C1189: #error:  "Not MIPS1"

    call "C:\Users\STEPHA~1\AppData\Local\Temp\b2_msvc_14.0_vcvarsall_x86.cmd" >nul
cl /Zm800 -nologo @"libs\config\checks\architecture\bin\msvc-14.0\debug\threading-multi\mips1.obj.rsp" 

...failed compile-c-c++ libs\config\checks\architecture\bin\msvc-14.0\debug\threading-multi\mips1.obj...
...failed updating 1 target...
...found 2 targets...
...updating 1 target...
compile-c-c++ libs\config\checks\architecture\bin\msvc-14.0\debug\threading-multi\power.obj
power.cpp
libs\config\checks\architecture\power.cpp(13): fatal error C1189: #error:  "Not PPC"

    call "C:\Users\STEPHA~1\AppData\Local\Temp\b2_msvc_14.0_vcvarsall_x86.cmd" >nul
cl /Zm800 -nologo @"libs\config\checks\architecture\bin\msvc-14.0\debug\threading-multi\power.obj.rsp" 

...failed compile-c-c++ libs\config\checks\architecture\bin\msvc-14.0\debug\threading-multi\power.obj...
...failed updating 1 target...
...found 2 targets...
...updating 1 target...
compile-c-c++ libs\config\checks\architecture\bin\msvc-14.0\debug\threading-multi\sparc.obj
sparc.cpp
libs\config\checks\architecture\sparc.cpp(10): fatal error C1189: #error:  "Not SPARC"

    call "C:\Users\STEPHA~1\AppData\Local\Temp\b2_msvc_14.0_vcvarsall_x86.cmd" >nul
cl /Zm800 -nologo @"libs\config\checks\architecture\bin\msvc-14.0\debug\threading-multi\sparc.obj.rsp" 

...failed compile-c-c++ libs\config\checks\architecture\bin\msvc-14.0\debug\threading-multi\sparc.obj...
...failed updating 1 target...
...found 2 targets...
...updating 1 target...
compile-c-c++ libs\config\checks\architecture\bin\msvc-14.0\debug\threading-multi\x86.obj
x86.cpp

    call "C:\Users\STEPHA~1\AppData\Local\Temp\b2_msvc_14.0_vcvarsall_x86.cmd" >nul
cl /Zm800 -nologo @"libs\config\checks\architecture\bin\msvc-14.0\debug\threading-multi\x86.obj.rsp" 

...failed compile-c-c++ libs\config\checks\architecture\bin\msvc-14.0\debug\threading-multi\x86.obj...
...removing libs\config\checks\architecture\bin\msvc-14.0\debug\threading-multi\x86.obj
...failed updating 1 target...
...found 2 targets...
...updating 1 target...
compile-c-c++ libs\config\checks\architecture\bin\msvc-14.0\debug\threading-multi\combined.obj
combined.cpp

    call "C:\Users\STEPHA~1\AppData\Local\Temp\b2_msvc_14.0_vcvarsall_x86.cmd" >nul
cl /Zm800 -nologo @"libs\config\checks\architecture\bin\msvc-14.0\debug\threading-multi\combined.obj.rsp" 

...failed compile-c-c++ libs\config\checks\architecture\bin\msvc-14.0\debug\threading-multi\combined.obj...
...removing libs\config\checks\architecture\bin\msvc-14.0\debug\threading-multi\combined.obj
...failed updating 1 target...
...found 15 targets...
...updating 7 targets...
common.mkdir bin.v2\libs\regex\build

        if not exist "bin.v2\libs\regex\build\\" mkdir "bin.v2\libs\regex\build"
    
...failed common.mkdir bin.v2\libs\regex\build...
...skipped bin.v2\libs\regex\build\msvc-14.0 for lack of bin.v2\libs\regex\build...
...skipped bin.v2\libs\regex\build\msvc-14.0\debug for lack of bin.v2\libs\regex\build\msvc-14.0...
...skipped bin.v2\libs\regex\build\msvc-14.0\debug\threading-multi for lack of bin.v2\libs\regex\build\msvc-14.0\debug...
...skipped <pbin.v2\libs\regex\build\msvc-14.0\debug\threading-multi>has_icu_test.obj for lack of bin.v2\libs\regex\build\msvc-14.0\debug\threading-multi...
...skipped <pbin.v2\libs\regex\build\msvc-14.0\debug\threading-multi>has_icu.exe for lack of bin.v2\libs\regex\build\msvc-14.0\debug\threading-multi...
...skipped <pbin.v2\libs\regex\build\msvc-14.0\debug\threading-multi>has_icu.pdb for lack of bin.v2\libs\regex\build\msvc-14.0\debug\threading-multi...
...failed updating 1 target...
...skipped 6 targets...
...found 1 target...
...updating 1 target...
config-cache.write bin.v2\project-cache.jam

    type "C:\Users\STEPHA~1\AppData\Local\Temp\jamcc071f9.000" > "bin.v2\project-cache.jam"

...failed config-cache.write bin.v2\project-cache.jam...
...removing bin.v2\project-cache.jam
...failed updating 1 target...
